# Logfile created on 2014-08-01 01:16:09 -0600 by logger.rb/41954
I, [2014-08-01T01:16:09.802704 #2047]  INFO -- : 0:  rake (10.3.2) from /Users/amontano/.rvm/gems/ruby-2.0.0-p353@rails4/specifications/rake-10.3.2.gemspec
I, [2014-08-01T01:16:09.803012 #2047]  INFO -- : 0:  i18n (0.6.11) from /Users/amontano/.rvm/gems/ruby-2.0.0-p353@rails4/specifications/i18n-0.6.11.gemspec
I, [2014-08-01T01:16:09.803256 #2047]  INFO -- : 0:  minitest (4.7.5) from /Users/amontano/.rvm/gems/ruby-2.0.0-p353@rails4/specifications/minitest-4.7.5.gemspec
I, [2014-08-01T01:16:09.803492 #2047]  INFO -- : 0:  multi_json (1.10.1) from /Users/amontano/.rvm/gems/ruby-2.0.0-p353@rails4/specifications/multi_json-1.10.1.gemspec
I, [2014-08-01T01:16:09.803775 #2047]  INFO -- : 0:  thread_safe (0.3.4) from /Users/amontano/.rvm/gems/ruby-2.0.0-p353@rails4/specifications/thread_safe-0.3.4.gemspec
I, [2014-08-01T01:16:09.803994 #2047]  INFO -- : 0:  tzinfo (0.3.40) from /Users/amontano/.rvm/gems/ruby-2.0.0-p353@rails4/specifications/tzinfo-0.3.40.gemspec
I, [2014-08-01T01:16:09.804226 #2047]  INFO -- : 0:  activesupport (4.0.8) from /Users/amontano/.rvm/gems/ruby-2.0.0-p353@rails4/specifications/activesupport-4.0.8.gemspec
I, [2014-08-01T01:16:09.804450 #2047]  INFO -- : 0:  builder (3.1.4) from /Users/amontano/.rvm/gems/ruby-2.0.0-p353@rails4/specifications/builder-3.1.4.gemspec
I, [2014-08-01T01:16:09.804667 #2047]  INFO -- : 0:  erubis (2.7.0) from /Users/amontano/.rvm/gems/ruby-2.0.0-p353@rails4/specifications/erubis-2.7.0.gemspec
I, [2014-08-01T01:16:09.804870 #2047]  INFO -- : 0:  rack (1.5.2) from /Users/amontano/.rvm/gems/ruby-2.0.0-p353@rails4/specifications/rack-1.5.2.gemspec
I, [2014-08-01T01:16:09.805033 #2047]  INFO -- : 0:  rack-test (0.6.2) from /Users/amontano/.rvm/gems/ruby-2.0.0-p353@rails4/specifications/rack-test-0.6.2.gemspec
I, [2014-08-01T01:16:09.805241 #2047]  INFO -- : 0:  actionpack (4.0.8) from /Users/amontano/.rvm/gems/ruby-2.0.0-p353@rails4/specifications/actionpack-4.0.8.gemspec
I, [2014-08-01T01:16:09.805451 #2047]  INFO -- : 0:  mime-types (1.25.1) from /Users/amontano/.rvm/gems/ruby-2.0.0-p353@rails4/specifications/mime-types-1.25.1.gemspec
I, [2014-08-01T01:16:09.805656 #2047]  INFO -- : 0:  polyglot (0.3.5) from /Users/amontano/.rvm/gems/ruby-2.0.0-p353@rails4/specifications/polyglot-0.3.5.gemspec
I, [2014-08-01T01:16:09.805853 #2047]  INFO -- : 0:  treetop (1.4.15) from /Users/amontano/.rvm/gems/ruby-2.0.0-p353@rails4/specifications/treetop-1.4.15.gemspec
I, [2014-08-01T01:16:09.806050 #2047]  INFO -- : 0:  mail (2.5.4) from /Users/amontano/.rvm/gems/ruby-2.0.0-p353@rails4/specifications/mail-2.5.4.gemspec
I, [2014-08-01T01:16:09.806252 #2047]  INFO -- : 0:  actionmailer (4.0.8) from /Users/amontano/.rvm/gems/ruby-2.0.0-p353@rails4/specifications/actionmailer-4.0.8.gemspec
I, [2014-08-01T01:16:09.806456 #2047]  INFO -- : 0:  activemodel (4.0.8) from /Users/amontano/.rvm/gems/ruby-2.0.0-p353@rails4/specifications/activemodel-4.0.8.gemspec
I, [2014-08-01T01:16:09.806675 #2047]  INFO -- : 0:  activerecord-deprecated_finders (1.0.3) from /Users/amontano/.rvm/gems/ruby-2.0.0-p353@rails4/specifications/activerecord-deprecated_finders-1.0.3.gemspec
I, [2014-08-01T01:16:09.806881 #2047]  INFO -- : 0:  arel (4.0.2) from /Users/amontano/.rvm/gems/ruby-2.0.0-p353@rails4/specifications/arel-4.0.2.gemspec
I, [2014-08-01T01:16:09.807085 #2047]  INFO -- : 0:  activerecord (4.0.8) from /Users/amontano/.rvm/gems/ruby-2.0.0-p353@rails4/specifications/activerecord-4.0.8.gemspec
I, [2014-08-01T01:16:09.807281 #2047]  INFO -- : 0:  bundler (1.5.1) from /Users/amontano/.rvm/gems/ruby-2.0.0-p353@global/specifications/bundler-1.5.1.gemspec
I, [2014-08-01T01:16:09.807532 #2047]  INFO -- : 0:  hike (1.2.3) from /Users/amontano/.rvm/gems/ruby-2.0.0-p353@rails4/specifications/hike-1.2.3.gemspec
I, [2014-08-01T01:16:09.807749 #2047]  INFO -- : 0:  thor (0.19.1) from /Users/amontano/.rvm/gems/ruby-2.0.0-p353@rails4/specifications/thor-0.19.1.gemspec
I, [2014-08-01T01:16:09.807955 #2047]  INFO -- : 0:  railties (4.0.8) from /Users/amontano/.rvm/gems/ruby-2.0.0-p353@rails4/specifications/railties-4.0.8.gemspec
I, [2014-08-01T01:16:09.808179 #2047]  INFO -- : 0:  jquery-rails (3.1.1) from /Users/amontano/.rvm/gems/ruby-2.0.0-p353@rails4/specifications/jquery-rails-3.1.1.gemspec
I, [2014-08-01T01:16:09.808391 #2047]  INFO -- : 0:  tilt (1.4.1) from /Users/amontano/.rvm/gems/ruby-2.0.0-p353@rails4/specifications/tilt-1.4.1.gemspec
I, [2014-08-01T01:16:09.808599 #2047]  INFO -- : 0:  sprockets (2.12.1) from /Users/amontano/.rvm/gems/ruby-2.0.0-p353@rails4/specifications/sprockets-2.12.1.gemspec
I, [2014-08-01T01:16:09.808808 #2047]  INFO -- : 0:  sprockets-rails (2.1.3) from /Users/amontano/.rvm/gems/ruby-2.0.0-p353@rails4/specifications/sprockets-rails-2.1.3.gemspec
I, [2014-08-01T01:16:09.809022 #2047]  INFO -- : 0:  rails (4.0.8) from /Users/amontano/.rvm/gems/ruby-2.0.0-p353@rails4/specifications/rails-4.0.8.gemspec
I, [2014-08-01T01:16:09.834066 #2047]  INFO -- : 0:  shanti_integration (2.3.1) from /Users/amontano/Workspaces/rails/master/shanti/engines/shanti_integration/shanti_integration.gemspec
